<<<<<<< HEAD
﻿  player.cpp
  TakoSystem.vcxproj -> C:\Users\student\Desktop\WPO\TakoSystem_WPO\TakoSystem\Debug\TakoSystem.exe
=======
﻿  camera.cpp
C:\Users\student\OneDrive\Desktop\team000\TakoSystem_WPO\TakoSystem\camera.cpp(372,1): error C2471: プログラム データベース 'C:\Users\student\OneDrive\Desktop\team000\TakoSystem_WPO\TakoSystem\Debug\vc142.idb' を更新できません。
C:\Users\student\OneDrive\Desktop\team000\TakoSystem_WPO\TakoSystem\camera.cpp(372,1): error C2471: プログラム データベース 'C:\Users\student\OneDrive\Desktop\team000\TakoSystem_WPO\TakoSystem\Debug\vc142.pdb' を更新できません。
  debugproc.cpp
C:\Users\student\OneDrive\Desktop\team000\TakoSystem_WPO\TakoSystem\debugproc.cpp : fatal error C1033: プログラム データベース 'C:\Users\student\OneDrive\Desktop\team000\TakoSystem_WPO\TakoSystem\Debug\vc142.pdb' を開けません。
  input.cpp
C:\Users\student\OneDrive\Desktop\team000\TakoSystem_WPO\TakoSystem\input.cpp : fatal error C1033: プログラム データベース 'C:\Users\student\OneDrive\Desktop\team000\TakoSystem_WPO\TakoSystem\Debug\vc142.pdb' を開けません。
  light.cpp
C:\Users\student\OneDrive\Desktop\team000\TakoSystem_WPO\TakoSystem\light.cpp : fatal error C1033: プログラム データベース 'C:\Users\student\OneDrive\Desktop\team000\TakoSystem_WPO\TakoSystem\Debug\vc142.pdb' を開けません。
  main.cpp
C:\Users\student\OneDrive\Desktop\team000\TakoSystem_WPO\TakoSystem\main.cpp : fatal error C1033: プログラム データベース 'C:\Users\student\OneDrive\Desktop\team000\TakoSystem_WPO\TakoSystem\Debug\vc142.pdb' を開けません。
  model.cpp
C:\Users\student\OneDrive\Desktop\team000\TakoSystem_WPO\TakoSystem\model.cpp : fatal error C1033: プログラム データベース 'C:\Users\student\OneDrive\Desktop\team000\TakoSystem_WPO\TakoSystem\Debug\vc142.pdb' を開けません。
  player.cpp
C:\Users\student\OneDrive\Desktop\team000\TakoSystem_WPO\TakoSystem\player.cpp : fatal error C1033: プログラム データベース 'C:\Users\student\OneDrive\Desktop\team000\TakoSystem_WPO\TakoSystem\Debug\vc142.pdb' を開けません。
  コードを生成中...
>>>>>>> 33cd1a86001e41781f6e8d99abcb9c8829fd3af0
